[biswasloan.in/index.html]
[backblue.gif]
[fade.gif]
[index.html]
[cdn.jsdelivr.net/npm/bootstrap@5.2.1/dist/css/bootstrap.min.css]
[cdn.jsdelivr.net/npm/bootstrap@5.2.1/dist/js/bootstrap.bundle.min.js]
[maxcdn.bootstrapcdn.com/font-awesome/4.7.0/css/font-awesome.min.css]
[biswasloan.in/css/index.css]
[biswasloan.in/img/icon.png]
[biswasloan.in/img/logo-transparent.png]
[biswasloan.in/biswas_loan.apk]
[biswasloan.in/img/google-play.png]
[biswasloan.in/img/header-img.svg]
[biswasloan.in/img/about-img.jpg]
[biswasloan.in/img/terms-img.png]
[cdn.jsdelivr.net/npm/popper.js@1.16.1/dist/umd/popper.min.js]
[code.jquery.com/jquery-3.5.1.slim.min.js]
[stackpath.bootstrapcdn.com/bootstrap/4.5.2/js/bootstrap.min.js]
[ajax.googleapis.com/ajax/libs/jquery/1.11.0/jquery.min.js]
[biswasloan.in/js/app.js]
[biswasloan.in/index.html]
[cdn.jsdelivr.net/npm/bootstrap@5.2.1/dist/css/bootstrap.min.css]
[maxcdn.bootstrapcdn.com/font-awesome/4.7.0/css/font-awesome.min.css]
[biswasloan.in/img/footer_bg.svg]
[biswasloan.in/css/index.css]
[biswasloan.in/img/header-img.svg]
[biswasloan.in/js/app.js]
[biswasloan.in/img/footer_bg.svg]
